[18:49:49] [ServerMain/INFO]: [bootstrap] Running Java 23 (Java HotSpot(TM) 64-Bit Server VM 23.0.1+11-39; Oracle Corporation null) on Windows 11 10.0 (amd64)
[18:49:49] [ServerMain/INFO]: [bootstrap] Loading Paper 1.21.3-67-master@d38624b (2024-11-27T20:28:58Z) for Minecraft 1.21.3
[18:49:49] [ServerMain/INFO]: [PluginInitializerManager] Initializing plugins...
[18:49:50] [ServerMain/INFO]: [PluginInitializerManager] Initialized 0 plugins
[18:49:54] [ServerMain/INFO]: Environment: Environment[sessionHost=https://sessionserver.mojang.com, servicesHost=https://api.minecraftservices.com, name=PROD]
[18:49:55] [ServerMain/INFO]: Found new data pack file/bukkit, loading it automatically
[18:49:55] [ServerMain/INFO]: Found new data pack paper, loading it automatically
[18:49:56] [ServerMain/INFO]: No existing world data, creating new world
[18:49:57] [ServerMain/INFO]: Loaded 1337 recipes
[18:49:57] [ServerMain/INFO]: Loaded 1448 advancements
[18:49:57] [Server thread/INFO]: Starting minecraft server version 1.21.3
[18:49:57] [Server thread/INFO]: Loading properties
[18:49:57] [Server thread/INFO]: This server is running Paper version 1.21.3-67-master@d38624b (2024-11-27T20:28:58Z) (Implementing API version 1.21.3-R0.1-SNAPSHOT)
[18:49:58] [Server thread/INFO]: [spark] This server bundles the spark profiler. For more information please visit https://docs.papermc.io/paper/profiling
[18:49:58] [Server thread/INFO]: Server Ping Player Sample Count: 12
[18:49:58] [Server thread/INFO]: Using 4 threads for Netty based IO
[18:49:58] [Server thread/INFO]: [MoonriseCommon] Paper is using 2 worker threads, 1 I/O threads
[18:49:58] [Server thread/INFO]: [ChunkTaskScheduler] Chunk system is using population gen parallelism: true
[18:49:59] [Server thread/INFO]: Default game type: SURVIVAL
[18:49:59] [Server thread/INFO]: Generating keypair
[18:49:59] [Server thread/INFO]: Starting Minecraft server on *:25565
[18:49:59] [Server thread/INFO]: Using default channel type
[18:49:59] [Server thread/INFO]: Paper: Using Java compression from Velocity.
[18:49:59] [Server thread/INFO]: Paper: Using Java cipher from Velocity.
[18:49:59] [Server thread/INFO]: Server permissions file permissions.yml is empty, ignoring it
[18:49:59] [Server thread/INFO]: Preparing level "world"
[18:50:02] [Paper Common Worker #0/INFO]: [MCTypeRegistry] Initialising converters for DataConverter...
[18:50:02] [Paper Common Worker #0/INFO]: [MCTypeRegistry] Finished initialising converters for DataConverter in 227.7ms
[18:50:06] [Server thread/INFO]: Preparing start region for dimension minecraft:overworld
[18:50:06] [Server thread/INFO]: Preparing spawn area: 0%
[18:50:07] [Server thread/INFO]: Preparing spawn area: 2%
[18:50:07] [Server thread/INFO]: Preparing spawn area: 2%
[18:50:08] [Server thread/INFO]: Preparing spawn area: 4%
[18:50:08] [Server thread/INFO]: Preparing spawn area: 18%
[18:50:09] [Server thread/INFO]: Preparing spawn area: 51%
[18:50:09] [Server thread/INFO]: Preparing spawn area: 55%
[18:50:09] [Server thread/INFO]: Time elapsed: 3147 ms
[18:50:09] [Server thread/INFO]: Preparing start region for dimension minecraft:the_nether
[18:50:09] [Server thread/INFO]: Preparing spawn area: 2%
[18:50:10] [Server thread/INFO]: Preparing spawn area: 18%
[18:50:10] [Server thread/INFO]: Preparing spawn area: 51%
[18:50:11] [Server thread/INFO]: Time elapsed: 1304 ms
[18:50:11] [Server thread/INFO]: Preparing start region for dimension minecraft:the_end
[18:50:11] [Server thread/INFO]: Preparing spawn area: 2%
[18:50:11] [Server thread/INFO]: Time elapsed: 243 ms
[18:50:11] [Server thread/INFO]: [spark] Starting background profiler...
[18:50:11] [Server thread/INFO]: [spark] The async-profiler engine is not supported for your os/arch (windows11/amd64), so the built-in Java engine will be used instead.
[18:50:11] [Server thread/INFO]: Done preparing level "world" (12.056s)
[18:50:11] [Server thread/INFO]: Running delayed init tasks
[18:50:11] [Server thread/INFO]: Done (23.974s)! For help, type "help"
[18:50:22] [User Authenticator #0/INFO]: UUID of player Saugat169 is b1b48ff7-156b-4c1e-bf84-862c09612760
[18:50:23] [Server thread/INFO]: Saugat169 joined the game
[18:50:23] [Server thread/INFO]: Saugat169[/127.0.0.1:54796] logged in with entity id 117 at ([world]2.5, 59.0, -6.5)
[18:51:28] [Server thread/INFO]: Made Saugat169 a server operator
[18:51:41] [Server thread/INFO]: Saugat169 issued server command: /tps
[18:51:50] [Server thread/INFO]: Saugat169 lost connection: Disconnected
[18:51:50] [Server thread/INFO]: Saugat169 left the game
